
init:
    [mkdir] Created dir: D:\MYSVN\HF_Pvp\Source\Guard\server\build

compile-guard:
    [mkdir] Created dir: D:\MYSVN\HF_Pvp\Source\Guard\server\build\classes
    [javac] Compiling 16 source files to D:\MYSVN\HF_Pvp\Source\Guard\server\build\classes
    [javac] warning: [path] bad path element "D:\MYSVN\HF_Pvp\Source\Guard\server\lib\commons-dbcp-1.4.jar": no such file or directory
    [javac] warning: [path] bad path element "D:\MYSVN\HF_Pvp\Source\Guard\server\lib\commons-io-2.4.jar": no such file or directory
    [javac] warning: [path] bad path element "D:\MYSVN\HF_Pvp\Source\Guard\server\lib\commons-lang3-3.1.jar": no such file or directory
    [javac] warning: [path] bad path element "D:\MYSVN\HF_Pvp\Source\Guard\server\lib\commons-math3-3.0.jar": no such file or directory
    [javac] warning: [path] bad path element "D:\MYSVN\HF_Pvp\Source\Guard\server\lib\commons-pool-1.6.jar": no such file or directory
    [javac] warning: [path] bad path element "D:\MYSVN\HF_Pvp\Source\Guard\server\lib\dom4j-2.0.0-alpha-2.jar": no such file or directory
    [javac] warning: [path] bad path element "D:\MYSVN\HF_Pvp\Source\Guard\server\lib\ecj-4.2.jar": no such file or directory
    [javac] warning: [path] bad path element "D:\MYSVN\HF_Pvp\Source\Guard\server\lib\ehcache-core-2.6.0.jar": no such file or directory
    [javac] warning: [path] bad path element "D:\MYSVN\HF_Pvp\Source\Guard\server\lib\guard.jar": no such file or directory
    [javac] warning: [path] bad path element "D:\MYSVN\HF_Pvp\Source\Guard\server\lib\guava-11.0.2.jar": no such file or directory
    [javac] warning: [path] bad path element "D:\MYSVN\HF_Pvp\Source\Guard\server\lib\jacksum-1.7.0.jar": no such file or directory
    [javac] warning: [path] bad path element "D:\MYSVN\HF_Pvp\Source\Guard\server\lib\javolution-5.5.1.jar": no such file or directory
    [javac] warning: [path] bad path element "D:\MYSVN\HF_Pvp\Source\Guard\server\lib\log4j-1.2.17.jar": no such file or directory
    [javac] warning: [path] bad path element "D:\MYSVN\HF_Pvp\Source\Guard\server\lib\mesp-1.02.jar": no such file or directory
    [javac] warning: [path] bad path element "D:\MYSVN\HF_Pvp\Source\Guard\server\lib\mysql-connector-java-5.1.21.jar": no such file or directory
    [javac] warning: [path] bad path element "D:\MYSVN\HF_Pvp\Source\Guard\server\lib\netty-3.5.1.jar": no such file or directory
    [javac] warning: [path] bad path element "D:\MYSVN\HF_Pvp\Source\Guard\server\lib\slf4j-api-1.6.6.jar": no such file or directory
    [javac] warning: [path] bad path element "D:\MYSVN\HF_Pvp\Source\Guard\server\lib\slf4j-log4j12-1.6.6.jar": no such file or directory
    [javac] warning: [path] bad path element "D:\MYSVN\HF_Pvp\Source\Guard\server\lib\trove-3.0.3.jar": no such file or directory
    [javac] warning: [options] bootstrap class path not set in conjunction with -source 1.7
    [javac] 20 warnings

guard-jar:
      [jar] Building jar: D:\MYSVN\HF_Pvp\Source\Guard\server\build\l2ft-guard.jar

dist:

BUILD SUCCESSFUL
Total time: 1 second
